This is pdfTeX, Version 3.141592653-2.6-1.40.25 (TeX Live 2023/Debian) (preloaded format=pdflatex 2026.3.6)  14 MAR 2026 20:06
entering extended mode
 restricted \write18 enabled.
 file:line:error style messages enabled.
 %&-line parsing enabled.
**/workspaces/Cloud-Security-SMS/main_sms.tex
(/workspaces/Cloud-Security-SMS/main_sms.tex
LaTeX2e <2023-11-01> patch level 1
L3 programming layer <2024-01-22>
(./IEEEtran.cls
Document Class: IEEEtran 2015/08/26 V1.8b by Michael Shell
-- See the "IEEEtran_HOWTO" manual for usage information.
-- http://www.michaelshell.org/tex/ieeetran/
\@IEEEtrantmpdimenA=\dimen140
\@IEEEtrantmpdimenB=\dimen141
\@IEEEtrantmpdimenC=\dimen142
\@IEEEtrantmpcountA=\count187
\@IEEEtrantmpcountB=\count188
\@IEEEtrantmpcountC=\count189
\@IEEEtrantmptoksA=\toks17
LaTeX Font Info:    Trying to load font information for OT1+ptm on input line 503.
(/usr/share/texlive/texmf-dist/tex/latex/psnfss/ot1ptm.fd
File: ot1ptm.fd 2001/06/04 font definitions for OT1/ptm.
)
-- Using 8.5in x 11in (letter) paper.
-- Using PDF output.
\@IEEEnormalsizeunitybaselineskip=\dimen143
-- This is a 10 point document.
\CLASSINFOnormalsizebaselineskip=\dimen144
\CLASSINFOnormalsizeunitybaselineskip=\dimen145
\IEEEnormaljot=\dimen146
LaTeX Font Info:    Font shape `OT1/ptm/bx/n' in size <5> not available
(Font)              Font shape `OT1/ptm/b/n' tried instead on input line 1090.
LaTeX Font Info:    Font shape `OT1/ptm/bx/it' in size <5> not available
(Font)              Font shape `OT1/ptm/b/it' tried instead on input line 1090.
LaTeX Font Info:    Font shape `OT1/ptm/bx/n' in size <7> not available
(Font)              Font shape `OT1/ptm/b/n' tried instead on input line 1090.
LaTeX Font Info:    Font shape `OT1/ptm/bx/it' in size <7> not available
(Font)              Font shape `OT1/ptm/b/it' tried instead on input line 1090.
LaTeX Font Info:    Font shape `OT1/ptm/bx/n' in size <8> not available
(Font)              Font shape `OT1/ptm/b/n' tried instead on input line 1090.
LaTeX Font Info:    Font shape `OT1/ptm/bx/it' in size <8> not available
(Font)              Font shape `OT1/ptm/b/it' tried instead on input line 1090.
LaTeX Font Info:    Font shape `OT1/ptm/bx/n' in size <9> not available
(Font)              Font shape `OT1/ptm/b/n' tried instead on input line 1090.
LaTeX Font Info:    Font shape `OT1/ptm/bx/it' in size <9> not available
(Font)              Font shape `OT1/ptm/b/it' tried instead on input line 1090.
LaTeX Font Info:    Font shape `OT1/ptm/bx/n' in size <10> not available
(Font)              Font shape `OT1/ptm/b/n' tried instead on input line 1090.
LaTeX Font Info:    Font shape `OT1/ptm/bx/it' in size <10> not available
(Font)              Font shape `OT1/ptm/b/it' tried instead on input line 1090.
LaTeX Font Info:    Font shape `OT1/ptm/bx/n' in size <11> not available
(Font)              Font shape `OT1/ptm/b/n' tried instead on input line 1090.
LaTeX Font Info:    Font shape `OT1/ptm/bx/it' in size <11> not available
(Font)              Font shape `OT1/ptm/b/it' tried instead on input line 1090.
LaTeX Font Info:    Font shape `OT1/ptm/bx/n' in size <12> not available
(Font)              Font shape `OT1/ptm/b/n' tried instead on input line 1090.
LaTeX Font Info:    Font shape `OT1/ptm/bx/it' in size <12> not available
(Font)              Font shape `OT1/ptm/b/it' tried instead on input line 1090.
LaTeX Font Info:    Font shape `OT1/ptm/bx/n' in size <17> not available
(Font)              Font shape `OT1/ptm/b/n' tried instead on input line 1090.
LaTeX Font Info:    Font shape `OT1/ptm/bx/it' in size <17> not available
(Font)              Font shape `OT1/ptm/b/it' tried instead on input line 1090.
LaTeX Font Info:    Font shape `OT1/ptm/bx/n' in size <20> not available
(Font)              Font shape `OT1/ptm/b/n' tried instead on input line 1090.
LaTeX Font Info:    Font shape `OT1/ptm/bx/it' in size <20> not available
(Font)              Font shape `OT1/ptm/b/it' tried instead on input line 1090.
LaTeX Font Info:    Font shape `OT1/ptm/bx/n' in size <24> not available
(Font)              Font shape `OT1/ptm/b/n' tried instead on input line 1090.
LaTeX Font Info:    Font shape `OT1/ptm/bx/it' in size <24> not available
(Font)              Font shape `OT1/ptm/b/it' tried instead on input line 1090.
\IEEEquantizedlength=\dimen147
\IEEEquantizedlengthdiff=\dimen148
\IEEEquantizedtextheightdiff=\dimen149
\IEEEilabelindentA=\dimen150
\IEEEilabelindentB=\dimen151
\IEEEilabelindent=\dimen152
\IEEEelabelindent=\dimen153
\IEEEdlabelindent=\dimen154
\IEEElabelindent=\dimen155
\IEEEiednormlabelsep=\dimen156
\IEEEiedmathlabelsep=\dimen157
\IEEEiedtopsep=\skip48
\c@section=\count190
\c@subsection=\count191
\c@subsubsection=\count192
\c@paragraph=\count193
\c@IEEEsubequation=\count194
\abovecaptionskip=\skip49
\belowcaptionskip=\skip50
\c@figure=\count195
\c@table=\count196
\@IEEEeqnnumcols=\count197
\@IEEEeqncolcnt=\count198
\@IEEEsubeqnnumrollback=\count199
\@IEEEquantizeheightA=\dimen158
\@IEEEquantizeheightB=\dimen159
\@IEEEquantizeheightC=\dimen160
\@IEEEquantizeprevdepth=\dimen161
\@IEEEquantizemultiple=\count266
\@IEEEquantizeboxA=\box51
\@IEEEtmpitemindent=\dimen162
\IEEEPARstartletwidth=\dimen163
\c@IEEEbiography=\count267
\@IEEEtranrubishbin=\box52
) (/usr/share/texlive/texmf-dist/tex/generic/babel/babel.sty
Package: babel 2024/01/07 v24.1 The Babel package
\babel@savecnt=\count268
\U@D=\dimen164
\l@unhyphenated=\language89
 (/usr/share/texlive/texmf-dist/tex/generic/babel/txtbabel.def)
\bbl@readstream=\read2
\bbl@dirlevel=\count269
 (/usr/share/texlive/texmf-dist/tex/generic/babel-spanish/spanish.ldf
Language: spanish.ldf 2021/05/27 v5.0q Spanish support from the babel system
\es@quottoks=\toks18
\es@quotdepth=\count270
Package babel Info: Making " an active character on input line 570.
Package babel Info: Making . an active character on input line 675.
Package babel Info: Making < an active character on input line 722.
Package babel Info: Making > an active character on input line 722.
)) (/usr/share/texlive/texmf-dist/tex/generic/babel/locale/es/babel-spanish.tex
Package babel Info: Importing font and identification data for spanish
(babel)             from babel-es.ini. Reported on input line 11.
) (/usr/share/texlive/texmf-dist/tex/latex/natbib/natbib.sty
Package: natbib 2010/09/13 8.31b (PWD, AO)
\bibhang=\skip51
\bibsep=\skip52
LaTeX Info: Redefining \cite on input line 694.
\c@NAT@ctr=\count271
) (/usr/share/texlive/texmf-dist/tex/latex/base/inputenc.sty
Package: inputenc 2021/02/14 v1.3d Input encoding file
\inpenc@prehook=\toks19
\inpenc@posthook=\toks20
) (/usr/share/texlive/texmf-dist/tex/latex/tools/array.sty
Package: array 2023/10/16 v2.5g Tabular extension package (FMi)
\col@sep=\dimen165
\ar@mcellbox=\box53
\extrarowheight=\dimen166
\NC@list=\toks21
\extratabsurround=\skip53
\backup@length=\skip54
\ar@cellbox=\box54
) (/usr/share/texlive/texmf-dist/tex/latex/booktabs/booktabs.sty
Package: booktabs 2020/01/12 v1.61803398 Publication quality tables
\heavyrulewidth=\dimen167
\lightrulewidth=\dimen168
\cmidrulewidth=\dimen169
\belowrulesep=\dimen170
\belowbottomsep=\dimen171
\aboverulesep=\dimen172
\abovetopsep=\dimen173
\cmidrulesep=\dimen174
\cmidrulekern=\dimen175
\defaultaddspace=\dimen176
\@cmidla=\count272
\@cmidlb=\count273
\@aboverulesep=\dimen177
\@belowrulesep=\dimen178
\@thisruleclass=\count274
\@lastruleclass=\count275
\@thisrulewidth=\dimen179
) (/usr/share/texlive/texmf-dist/tex/latex/xcolor/xcolor.sty
Package: xcolor 2023/11/15 v3.01 LaTeX color extensions (UK)
 (/usr/share/texlive/texmf-dist/tex/latex/graphics-cfg/color.cfg
File: color.cfg 2016/01/02 v1.6 sample color configuration
)
Package xcolor Info: Driver file: pdftex.def on input line 274.
 (/usr/share/texlive/texmf-dist/tex/latex/graphics-def/pdftex.def
File: pdftex.def 2022/09/22 v1.2b Graphics/color driver for pdftex
) (/usr/share/texlive/texmf-dist/tex/latex/graphics/mathcolor.ltx)
Package xcolor Info: Model `cmy' substituted by `cmy0' on input line 1350.
Package xcolor Info: Model `hsb' substituted by `rgb' on input line 1354.
Package xcolor Info: Model `RGB' extended on input line 1366.
Package xcolor Info: Model `HTML' substituted by `rgb' on input line 1368.
Package xcolor Info: Model `Hsb' substituted by `hsb' on input line 1369.
Package xcolor Info: Model `tHsb' substituted by `hsb' on input line 1370.
Package xcolor Info: Model `HSB' substituted by `hsb' on input line 1371.
Package xcolor Info: Model `Gray' substituted by `gray' on input line 1372.
Package xcolor Info: Model `wave' substituted by `hsb' on input line 1373.
) (/usr/share/texlive/texmf-dist/tex/latex/tools/calc.sty
Package: calc 2023/07/08 v4.3 Infix arithmetic (KKT,FJ)
\calc@Acount=\count276
\calc@Bcount=\count277
\calc@Adimen=\dimen180
\calc@Bdimen=\dimen181
\calc@Askip=\skip55
\calc@Bskip=\skip56
LaTeX Info: Redefining \setlength on input line 80.
LaTeX Info: Redefining \addtolength on input line 81.
\calc@Ccount=\count278
\calc@Cskip=\skip57
) (/usr/share/texlive/texmf-dist/tex/latex/l3packages/xfp/xfp.sty (/usr/share/texlive/texmf-dist/tex/latex/l3kernel/expl3.sty
Package: expl3 2024-01-22 L3 programming layer (loader) 
 (/usr/share/texlive/texmf-dist/tex/latex/l3backend/l3backend-pdftex.def
File: l3backend-pdftex.def 2024-01-04 L3 backend support: PDF output (pdfTeX)
\l__color_backend_stack_int=\count279
\l__pdf_internal_box=\box55
))
Package: xfp 2023-10-10 L3 Floating point unit
) (/usr/share/texlive/texmf-dist/tex/latex/multirow/multirow.sty
Package: multirow 2021/03/15 v2.8 Span multiple rows of a table
\multirow@colwidth=\skip58
\multirow@cntb=\count280
\multirow@dima=\skip59
\bigstrutjot=\dimen182
) (/usr/share/texlive/texmf-dist/tex/latex/graphics/graphicx.sty
Package: graphicx 2021/09/16 v1.2d Enhanced LaTeX Graphics (DPC,SPQR)
 (/usr/share/texlive/texmf-dist/tex/latex/graphics/keyval.sty
Package: keyval 2022/05/29 v1.15 key=value parser (DPC)
\KV@toks@=\toks22
) (/usr/share/texlive/texmf-dist/tex/latex/graphics/graphics.sty
Package: graphics 2022/03/10 v1.4e Standard LaTeX Graphics (DPC,SPQR)
 (/usr/share/texlive/texmf-dist/tex/latex/graphics/trig.sty
Package: trig 2021/08/11 v1.11 sin cos tan (DPC)
) (/usr/share/texlive/texmf-dist/tex/latex/graphics-cfg/graphics.cfg
File: graphics.cfg 2016/06/04 v1.11 sample graphics configuration
)
Package graphics Info: Driver file: pdftex.def on input line 107.
)
\Gin@req@height=\dimen183
\Gin@req@width=\dimen184
) (/usr/share/texlive/texmf-dist/tex/latex/enumitem/enumitem.sty
Package: enumitem 2019/06/20 v3.9 Customized lists
\labelindent=\skip60
\enit@outerparindent=\dimen185
\enit@toks=\toks23
\enit@inbox=\box56
\enit@count@id=\count281
\enitdp@description=\count282
) (/usr/share/texlive/texmf-dist/tex/latex/tools/tabularx.sty
Package: tabularx 2023/07/08 v2.11c `tabularx' package (DPC)
\TX@col@width=\dimen186
\TX@old@table=\dimen187
\TX@old@col=\dimen188
\TX@target=\dimen189
\TX@delta=\dimen190
\TX@cols=\count283
\TX@ftn=\toks24
) (/usr/share/texlive/texmf-dist/tex/latex/titlesec/titlesec.sty
Package: titlesec 2023/10/27 v2.16 Sectioning titles
\ttl@box=\box57
\beforetitleunit=\skip61
\aftertitleunit=\skip62
\ttl@plus=\dimen191
\ttl@minus=\dimen192
\ttl@toksa=\toks25
\titlewidth=\dimen193
\titlewidthlast=\dimen194
\titlewidthfirst=\dimen195


Package titlesec Warning: Non standard sectioning command \subparagraph
(titlesec)                detected. Using default spacing and no format.

) (/usr/share/texlive/texmf-dist/tex/latex/hyperref/hyperref.sty
Package: hyperref 2024-01-20 v7.01h Hypertext links for LaTeX
 (/usr/share/texlive/texmf-dist/tex/generic/iftex/iftex.sty
Package: iftex 2022/02/03 v1.0f TeX engine tests
) (/usr/share/texlive/texmf-dist/tex/latex/kvsetkeys/kvsetkeys.sty
Package: kvsetkeys 2022-10-05 v1.19 Key value parser (HO)
) (/usr/share/texlive/texmf-dist/tex/generic/kvdefinekeys/kvdefinekeys.sty
Package: kvdefinekeys 2019-12-19 v1.6 Define keys (HO)
) (/usr/share/texlive/texmf-dist/tex/generic/pdfescape/pdfescape.sty
Package: pdfescape 2019/12/09 v1.15 Implements pdfTeX's escape features (HO)
 (/usr/share/texlive/texmf-dist/tex/generic/ltxcmds/ltxcmds.sty
Package: ltxcmds 2023-12-04 v1.26 LaTeX kernel commands for general use (HO)
) (/usr/share/texlive/texmf-dist/tex/generic/pdftexcmds/pdftexcmds.sty
Package: pdftexcmds 2020-06-27 v0.33 Utility functions of pdfTeX for LuaTeX (HO)
 (/usr/share/texlive/texmf-dist/tex/generic/infwarerr/infwarerr.sty
Package: infwarerr 2019/12/03 v1.5 Providing info/warning/error messages (HO)
)
Package pdftexcmds Info: \pdf@primitive is available.
Package pdftexcmds Info: \pdf@ifprimitive is available.
Package pdftexcmds Info: \pdfdraftmode found.
)) (/usr/share/texlive/texmf-dist/tex/latex/hycolor/hycolor.sty
Package: hycolor 2020-01-27 v1.10 Color options for hyperref/bookmark (HO)
) (/usr/share/texlive/texmf-dist/tex/latex/auxhook/auxhook.sty
Package: auxhook 2019-12-17 v1.6 Hooks for auxiliary files (HO)
) (/usr/share/texlive/texmf-dist/tex/latex/hyperref/nameref.sty
Package: nameref 2023-11-26 v2.56 Cross-referencing by name of section
 (/usr/share/texlive/texmf-dist/tex/latex/refcount/refcount.sty
Package: refcount 2019/12/15 v3.6 Data extraction from label references (HO)
) (/usr/share/texlive/texmf-dist/tex/generic/gettitlestring/gettitlestring.sty
Package: gettitlestring 2019/12/15 v1.6 Cleanup title references (HO)
 (/usr/share/texlive/texmf-dist/tex/latex/kvoptions/kvoptions.sty
Package: kvoptions 2022-06-15 v3.15 Key value format for package options (HO)
))
\c@section@level=\count284
) (/usr/share/texlive/texmf-dist/tex/latex/etoolbox/etoolbox.sty
Package: etoolbox 2020/10/05 v2.5k e-TeX tools for LaTeX (JAW)
\etb@tempcnta=\count285
)
\@linkdim=\dimen196
\Hy@linkcounter=\count286
\Hy@pagecounter=\count287
 (/usr/share/texlive/texmf-dist/tex/latex/hyperref/pd1enc.def
File: pd1enc.def 2024-01-20 v7.01h Hyperref: PDFDocEncoding definition (HO)
Now handling font encoding PD1 ...
... no UTF-8 mapping file for font encoding PD1
) (/usr/share/texlive/texmf-dist/tex/generic/intcalc/intcalc.sty
Package: intcalc 2019/12/15 v1.3 Expandable calculations with integers (HO)
)
\Hy@SavedSpaceFactor=\count288
 (/usr/share/texlive/texmf-dist/tex/latex/hyperref/puenc.def
File: puenc.def 2024-01-20 v7.01h Hyperref: PDF Unicode definition (HO)
Now handling font encoding PU ...
... no UTF-8 mapping file for font encoding PU
)
Package hyperref Info: Hyper figures OFF on input line 4179.
Package hyperref Info: Link nesting OFF on input line 4184.
Package hyperref Info: Hyper index ON on input line 4187.
Package hyperref Info: Plain pages OFF on input line 4194.
Package hyperref Info: Backreferencing OFF on input line 4199.
Package hyperref Info: Implicit mode ON; LaTeX internals redefined.
Package hyperref Info: Bookmarks ON on input line 4446.
\c@Hy@tempcnt=\count289
 (/usr/share/texlive/texmf-dist/tex/latex/url/url.sty
\Urlmuskip=\muskip16
Package: url 2013/09/16  ver 3.4  Verb mode for urls, etc.
)
LaTeX Info: Redefining \url on input line 4784.
\XeTeXLinkMargin=\dimen197
 (/usr/share/texlive/texmf-dist/tex/generic/bitset/bitset.sty
Package: bitset 2019/12/09 v1.3 Handle bit-vector datatype (HO)
 (/usr/share/texlive/texmf-dist/tex/generic/bigintcalc/bigintcalc.sty
Package: bigintcalc 2019/12/15 v1.5 Expandable calculations on big integers (HO)
))
\Fld@menulength=\count290
\Field@Width=\dimen198
\Fld@charsize=\dimen199
Package hyperref Info: Hyper figures OFF on input line 6063.
Package hyperref Info: Link nesting OFF on input line 6068.
Package hyperref Info: Hyper index ON on input line 6071.
Package hyperref Info: backreferencing OFF on input line 6078.
Package hyperref Info: Link coloring OFF on input line 6083.
Package hyperref Info: Link coloring with OCG OFF on input line 6088.
Package hyperref Info: PDF/A mode OFF on input line 6093.
 (/usr/share/texlive/texmf-dist/tex/latex/base/atbegshi-ltx.sty
Package: atbegshi-ltx 2021/01/10 v1.0c Emulation of the original atbegshi
package with kernel methods
)
\Hy@abspage=\count291
\c@Item=\count292
\c@Hfootnote=\count293
)
Package hyperref Info: Driver (autodetected): hpdftex.
 (/usr/share/texlive/texmf-dist/tex/latex/hyperref/hpdftex.def
File: hpdftex.def 2024-01-20 v7.01h Hyperref driver for pdfTeX
 (/usr/share/texlive/texmf-dist/tex/latex/base/atveryend-ltx.sty
Package: atveryend-ltx 2020/08/19 v1.0a Emulation of the original atveryend package
with kernel methods
)
\Fld@listcount=\count294
\c@bookmark@seq@number=\count295
 (/usr/share/texlive/texmf-dist/tex/latex/rerunfilecheck/rerunfilecheck.sty
Package: rerunfilecheck 2022-07-10 v1.10 Rerun checks for auxiliary files (HO)
 (/usr/share/texlive/texmf-dist/tex/generic/uniquecounter/uniquecounter.sty
Package: uniquecounter 2019/12/15 v1.4 Provide unlimited unique counter (HO)
)
Package uniquecounter Info: New unique counter `rerunfilecheck' on input line 285.
)
\Hy@SectionHShift=\skip63
)
Package hyperref Info: Option `colorlinks' set `true' on input line 48.
 (./main_sms.aux
LaTeX Info: Redefining \. on input line 11.
LaTeX Info: Redefining \% on input line 11.
)
\openout1 = `main_sms.aux'.

LaTeX Font Info:    Checking defaults for OML/cmm/m/it on input line 77.
LaTeX Font Info:    ... okay on input line 77.
LaTeX Font Info:    Checking defaults for OMS/cmsy/m/n on input line 77.
LaTeX Font Info:    ... okay on input line 77.
LaTeX Font Info:    Checking defaults for OT1/cmr/m/n on input line 77.
LaTeX Font Info:    ... okay on input line 77.
LaTeX Font Info:    Checking defaults for T1/cmr/m/n on input line 77.
LaTeX Font Info:    ... okay on input line 77.
LaTeX Font Info:    Checking defaults for TS1/cmr/m/n on input line 77.
LaTeX Font Info:    ... okay on input line 77.
LaTeX Font Info:    Checking defaults for OMX/cmex/m/n on input line 77.
LaTeX Font Info:    ... okay on input line 77.
LaTeX Font Info:    Checking defaults for U/cmr/m/n on input line 77.
LaTeX Font Info:    ... okay on input line 77.
LaTeX Font Info:    Checking defaults for PD1/pdf/m/n on input line 77.
LaTeX Font Info:    ... okay on input line 77.
LaTeX Font Info:    Checking defaults for PU/pdf/m/n on input line 77.
LaTeX Font Info:    ... okay on input line 77.

-- Lines per column: 58 (exact).
LaTeX Info: Redefining \. on input line 77.
LaTeX Info: Redefining \% on input line 77.
(/usr/share/texlive/texmf-dist/tex/context/base/mkii/supp-pdf.mkii
[Loading MPS to PDF converter (version 2006.09.02).]
\scratchcounter=\count296
\scratchdimen=\dimen256
\scratchbox=\box58
\nofMPsegments=\count297
\nofMParguments=\count298
\everyMPshowfont=\toks26
\MPscratchCnt=\count299
\MPscratchDim=\dimen257
\MPnumerator=\count300
\makeMPintoPDFobject=\count301
\everyMPtoPDFconversion=\toks27
) (/usr/share/texlive/texmf-dist/tex/latex/epstopdf-pkg/epstopdf-base.sty
Package: epstopdf-base 2020-01-24 v2.11 Base part for package epstopdf
Package epstopdf-base Info: Redefining graphics rule for `.eps' on input line 485.
 (/usr/share/texlive/texmf-dist/tex/latex/latexconfig/epstopdf-sys.cfg
File: epstopdf-sys.cfg 2010/07/13 v1.3 Configuration of (r)epstopdf for TeX Live
))
Package hyperref Info: Link coloring ON on input line 77.
 (./main_sms.out) (./main_sms.out)
\@outlinefile=\write3
\openout3 = `main_sms.out'.

LaTeX Font Info:    External font `cmex10' loaded for size
(Font)              <9> on input line 99.
LaTeX Font Info:    External font `cmex10' loaded for size
(Font)              <6> on input line 99.
LaTeX Font Info:    External font `cmex10' loaded for size
(Font)              <5> on input line 99.
 (./Secciones/01-Introduccion/00-introduccion.tex) (./Secciones/02-Motivacion/00-motivacion.tex) [1{/var/lib/texmf/fonts/map/pdftex/updmap/pdftex.map}{/usr/share/texlive/texmf-dist/fonts/enc/dvips/base/8r.enc}


] (./Secciones/03-Trabajos-Relacionados/00-trabajos-relacionados.tex) (./Secciones/04-Metodo-revision/00-metodo-revision.tex
<resources/images/Planeacion/Planeacion.jpeg, id=115, 890.32625pt x 348.30125pt>
File: resources/images/Planeacion/Planeacion.jpeg Graphic file (type jpg)
<use resources/images/Planeacion/Planeacion.jpeg>
Package pdftex.def Info: resources/images/Planeacion/Planeacion.jpeg  used on input line 12.
(pdftex.def)             Requested size: 258.0pt x 100.93036pt.

Overfull \hbox (6.0pt too wide) in paragraph at lines 12--13
 [][] 
 []

(./Secciones/04-Metodo-revision/01-Planeacion/00-Planeacion.tex
<resources/images/Planeacion/Etapa_1.jpeg, id=117, 886.31125pt x 337.26pt>
File: resources/images/Planeacion/Etapa_1.jpeg Graphic file (type jpg)
<use resources/images/Planeacion/Etapa_1.jpeg>
Package pdftex.def Info: resources/images/Planeacion/Etapa_1.jpeg  used on input line 6.
(pdftex.def)             Requested size: 258.0pt x 98.17342pt.

Overfull \hbox (6.0pt too wide) in paragraph at lines 6--7
 [][] 
 []

LaTeX Font Info:    External font `cmex10' loaded for size
(Font)              <8> on input line 16.

Overfull \hbox (5.60625pt too wide) in paragraph at lines 72--72
 []|\OT1/ptm/b/n/8 Pregunta| 
 []


Underfull \hbox (badness 10000) in paragraph at lines 76--79
\OT1/ptm/m/n/10 es-ta-ble-cer as-pec-tos co-mo ``Po-bla-ci[]on'', ``In-ter-ven-ci[]on'',
 []


Underfull \hbox (badness 10000) in paragraph at lines 76--79

 []

[2 <./resources/images/Planeacion/Planeacion.jpeg> <./resources/images/Planeacion/Etapa_1.jpeg>]
Underfull \hbox (badness 10000) in paragraph at lines 80--81

 []


Underfull \hbox (badness 3471) in paragraph at lines 114--115
\OT1/ptm/m/n/10 con-si-de-ran-do los do-mi-nios con-cep-tua-les m[]as re-le-van-tes
 []


Underfull \hbox (badness 10000) in paragraph at lines 114--115

 []


Underfull \hbox (badness 10000) in paragraph at lines 144--146

 []


Underfull \hbox (badness 10000) in paragraph at lines 147--150

 []


Underfull \hbox (badness 10000) in paragraph at lines 156--157

 []

[3])
Underfull \hbox (badness 10000) in paragraph at lines 170--19

 []

(./Secciones/04-Metodo-revision/02-Busqueda-de-trabajos/00-busqueda-de-trabajos.tex
<resources/images/Planeacion/Estrategias_busqueda.png, id=162, 501.072pt x 415.5525pt>
File: resources/images/Planeacion/Estrategias_busqueda.png Graphic file (type png)
<use resources/images/Planeacion/Estrategias_busqueda.png>
Package pdftex.def Info: resources/images/Planeacion/Estrategias_busqueda.png  used on input line 20.
(pdftex.def)             Requested size: 165.35426pt x 137.13274pt.
 [4 <./resources/images/Planeacion/Estrategias_busqueda.png>] (./Secciones/04-Metodo-revision/02-Busqueda-de-trabajos/01-estrategia-busqueda-base-datos.tex
Underfull \hbox (badness 10000) in paragraph at lines 68--68
[]|\OT1/ptm/b/n/8 Criterios de
 []


Underfull \hbox (badness 5331) in paragraph at lines 90--90
[]|\OT1/ptm/b/n/8 Cloud Se-
 []


Overfull \hbox (5.05403pt too wide) in paragraph at lines 92--92
[]|\OT1/ptm/b/n/8 Methodology| 
 []


Overfull \hbox (6.98985pt too wide) in paragraph at lines 94--94
[]|\OT1/ptm/b/n/8 Technological
 []

[5]
<resources/images/Planeacion/overview.png, id=193, 600.2425pt x 1307.88625pt>
File: resources/images/Planeacion/overview.png Graphic file (type png)
<use resources/images/Planeacion/overview.png>
Package pdftex.def Info: resources/images/Planeacion/overview.png  used on input line 168.
(pdftex.def)             Requested size: 150.06026pt x 326.97076pt.
) (./Secciones/04-Metodo-revision/02-Busqueda-de-trabajos/02-estrategia-snowball.tex [6 <./resources/images/Planeacion/overview.png>]
<resources/images/Planeacion/proceso_snowball.png, id=205, 885.3075pt x 295.70474pt>
File: resources/images/Planeacion/proceso_snowball.png Graphic file (type png)
<use resources/images/Planeacion/proceso_snowball.png>
Package pdftex.def Info: resources/images/Planeacion/proceso_snowball.png  used on input line 40.
(pdftex.def)             Requested size: 486.92062pt x 162.6381pt.

Overfull \hbox (234.92062pt too wide) in paragraph at lines 40--41
 [][] 
 []


Underfull \hbox (badness 10000) in paragraph at lines 58--58
[]|\OT1/ptm/b/n/8 Publication
 []


Underfull \hbox (badness 10000) in paragraph at lines 58--58
[]|\OT1/ptm/m/n/8 Journal ar-ti-cles,
 []

) (./Secciones/04-Metodo-revision/02-Busqueda-de-trabajos/03-resultados-busqueda-trabajos.tex)) (./Secciones/04-Metodo-revision/03-evaluacion-de-calidad/00-evaluacion-de-calidad.tex [7 <./resources/images/Planeacion/proceso_snowball.png>]) (./Secciones/04-Metodo-revision/04-extraccion-de-datos/00-extraccion-de-datos.tex

Package natbib Warning: Citation `sms-builder-own-container' on page 8 undefined on input line 61.


LaTeX Warning: Reference `sec:reproducibilidad' on page 8 undefined on input line 61.

) (./Secciones/04-Metodo-revision/05-clasificacion-de-estudios/00-clasificacion-de-estudios.tex
Underfull \hbox (badness 10000) in paragraph at lines 338--338
[]|\OT1/ptm/m/n/8 CLOUD
 []


Underfull \hbox (badness 10000) in paragraph at lines 338--338
[]|\OT1/ptm/m/n/8 SECURITY
 []


Underfull \hbox (badness 10000) in paragraph at lines 338--338
[]|\OT1/ptm/m/n/8 SECURITY
 []


Underfull \hbox (badness 10000) in paragraph at lines 338--338
\OT1/ptm/m/n/8 IN-FOR-MA-TION
 []


Underfull \hbox (badness 10000) in paragraph at lines 338--338
\OT1/ptm/m/n/8 AND EVENT
 []


Underfull \hbox (badness 10000) in paragraph at lines 338--338
\OT1/ptm/m/n/8 MA-NA-GE-MENT
 []


Underfull \hbox (badness 10000) in paragraph at lines 338--338
[]|\OT1/ptm/m/n/8 CLOUD
 []


LaTeX Warning: Float too large for page by 1232.29443pt on input line 339.

[8]
Overfull \vbox (9.0pt too high) detected at line 447
 []


Overfull \vbox (9.0pt too high) detected at line 447
 []


Overfull \vbox (9.0pt too high) detected at line 447
 []


Underfull \hbox (badness 10000) in paragraph at lines 447--447
[]|\OT1/ptm/m/n/8 CLOUD
 []


Underfull \hbox (badness 10000) in paragraph at lines 447--447
[]|\OT1/ptm/m/n/8 SECURITY
 []


Underfull \hbox (badness 10000) in paragraph at lines 447--447
[]|\OT1/ptm/m/n/8 SECURITY
 []


Underfull \hbox (badness 10000) in paragraph at lines 447--447
\OT1/ptm/m/n/8 IN-FOR-MA-TION
 []


Underfull \hbox (badness 10000) in paragraph at lines 447--447
\OT1/ptm/m/n/8 AND EVENT
 []


Underfull \hbox (badness 10000) in paragraph at lines 447--447
\OT1/ptm/m/n/8 MA-NA-GE-MENT
 []


Overfull \vbox (9.0pt too high) detected at line 447
 []


Underfull \hbox (badness 10000) in paragraph at lines 447--447
[]|\OT1/ptm/m/n/8 CLOUD
 []


LaTeX Warning: Float too large for page by 159.97446pt on input line 448.


Overfull \vbox (9.0pt too high) detected at line 545
 []


Overfull \vbox (9.0pt too high) detected at line 545
 []


Overfull \vbox (9.0pt too high) detected at line 545
 []


Overfull \vbox (9.0pt too high) detected at line 545
 []


Underfull \hbox (badness 10000) in paragraph at lines 545--545
[]|\OT1/ptm/m/n/8 CLOUD
 []


Underfull \hbox (badness 10000) in paragraph at lines 545--545
[]|\OT1/ptm/m/n/8 SECURITY
 []


Underfull \hbox (badness 10000) in paragraph at lines 545--545
[]|\OT1/ptm/m/n/8 SECURITY
 []


Underfull \hbox (badness 10000) in paragraph at lines 545--545
\OT1/ptm/m/n/8 IN-FOR-MA-TION
 []


Underfull \hbox (badness 10000) in paragraph at lines 545--545
\OT1/ptm/m/n/8 AND EVENT
 []


Underfull \hbox (badness 10000) in paragraph at lines 545--545
\OT1/ptm/m/n/8 MA-NA-GE-MENT
 []


Overfull \vbox (9.0pt too high) detected at line 545
 []


Underfull \hbox (badness 10000) in paragraph at lines 545--545
[]|\OT1/ptm/m/n/8 CLOUD
 []


LaTeX Warning: Float too large for page by 42.97446pt on input line 546.


Overfull \vbox (9.0pt too high) detected at line 890
 []


Overfull \vbox (9.0pt too high) detected at line 890
 []


Overfull \vbox (9.0pt too high) detected at line 890
 []


Overfull \vbox (9.0pt too high) detected at line 890
 []


Underfull \hbox (badness 10000) in paragraph at lines 890--890
[]|\OT1/ptm/m/n/8 CLOUD
 []


Underfull \hbox (badness 10000) in paragraph at lines 890--890
[]|\OT1/ptm/m/n/8 SECURITY
 []


Underfull \hbox (badness 10000) in paragraph at lines 890--890
[]|\OT1/ptm/m/n/8 SECURITY
 []


Underfull \hbox (badness 10000) in paragraph at lines 890--890
\OT1/ptm/m/n/8 IN-FOR-MA-TION
 []


Underfull \hbox (badness 10000) in paragraph at lines 890--890
\OT1/ptm/m/n/8 AND EVENT
 []


Underfull \hbox (badness 10000) in paragraph at lines 890--890
\OT1/ptm/m/n/8 MA-NA-GE-MENT
 []


Overfull \vbox (9.0pt too high) detected at line 890
 []


Underfull \hbox (badness 10000) in paragraph at lines 890--890
[]|\OT1/ptm/m/n/8 CLOUD
 []


LaTeX Warning: Float too large for page by 1304.29443pt on input line 891.


Underfull \hbox (badness 10000) in paragraph at lines 902--904
[]|\OT1/ptm/m/n/8 SECURITY IN-FOR-MA-TION
 []


Underfull \hbox (badness 10000) in paragraph at lines 902--904
\OT1/ptm/m/n/8 AND EVENT MA-NA-GE-MENT
 []


Underfull \hbox (badness 10000) in paragraph at lines 902--904
\OT1/ptm/m/n/8 (SIEM), CLOUD COM-PU-TING,
 []


Underfull \hbox (badness 10000) in paragraph at lines 902--904
\OT1/ptm/m/n/8 CY-BER-SE-CU-RITY, SE-CU-RITY
 []


Underfull \hbox (badness 10000) in paragraph at lines 906--908
[]|\OT1/ptm/m/n/8 ZERO-TRUST, CLAS-SI-FI-CA-TION,
 []


Underfull \hbox (badness 10000) in paragraph at lines 906--908
\OT1/ptm/m/n/8 AR-CHI-TEC-TU-RE, TA-XO-NOMY,
 []


Underfull \hbox (badness 10000) in paragraph at lines 906--908
\OT1/ptm/m/n/8 ISO/IEC 27001, SE-CU-RITY
 []


Underfull \hbox (badness 10000) in paragraph at lines 908--910
[]|\OT1/ptm/m/n/8 SPS058, SPS075, SPS099,
 []


Underfull \hbox (badness 10000) in paragraph at lines 908--910
\OT1/ptm/m/n/8 SPS151, SPS175, SPS180,
 []


Underfull \hbox (badness 10000) in paragraph at lines 911--912
[]|\OT1/ptm/m/n/8 CYBERSECURITY, SE-CU-RITY,
 []


Underfull \hbox (badness 10000) in paragraph at lines 911--912
\OT1/ptm/m/n/8 AR-CHI-TEC-TU-RE, TA-XO-NOMY,
 []


Underfull \hbox (badness 1742) in paragraph at lines 911--912
\OT1/ptm/m/n/8 CLOUD COM-PU-TING, SE-CU-RITY
 []


Overfull \hbox (105.51622pt too wide) in paragraph at lines 898--915
 [][] 
 []

)) (./main_sms.bbl
Underfull \hbox (badness 2435) in paragraph at lines 33--34
[]\OT1/ptm/m/n/10 L. E. Sep[]ulveda-Rodr[]^^Pguez, J. L. Ga-rri-do, J. C.
 []


Underfull \hbox (badness 6047) in paragraph at lines 33--34
\OT1/ptm/m/n/10 Chavarro-Porras, J. A. Sanabria-Ordo[]nez, C. A.
 []


Underfull \hbox (badness 10000) in paragraph at lines 33--34
\OT1/ptm/m/n/10 Candela-Uribe, C. Rodr[]^^Pguez-Dom[]^^Pnguez, and
 []


Underfull \hbox (badness 10000) in paragraph at lines 33--34
\OT1/ptm/m/n/10 G. Guerrero-Contreras, ``Study-based Sys-te-ma-tic
 []


Underfull \hbox (badness 10000) in paragraph at lines 33--34
\OT1/ptm/m/n/10 Map-ping Analy-sis of Cloud Tech-no-lo-gies for
 []


Underfull \vbox (badness 10000) has occurred while \output is active []

 [9] [10] [11] [12] [13]
Underfull \vbox (badness 1939) has occurred while \output is active []

 [14] [15] [16] [17] [18] [19]
Underfull \hbox (badness 10000) in paragraph at lines 591--593
\OT1/ptm/m/n/10 Avai-la-ble: [][]$https : / / www . igi-[]global . com / chapter /
 []


Overfull \hbox (29.10713pt too wide) in paragraph at lines 591--593
\OT1/ptm/m/n/10 security-[]and-[]privacy-[]considerations-[]in-[]cloud-[]based-[]education /
 []

[20])

Package natbib Warning: There were undefined citations.

[21

] (./main_sms.aux
LaTeX Info: Redefining \. on input line 11.
LaTeX Info: Redefining \% on input line 11.
)
 ***********
LaTeX2e <2023-11-01> patch level 1
L3 programming layer <2024-01-22>
 ***********


LaTeX Warning: There were undefined references.

Package rerunfilecheck Info: File `main_sms.out' has not changed.
(rerunfilecheck)             Checksum: 080F6FF616FB7BC2B6DAA586476F71CB;4859.
 ) 
Here is how much of TeX's memory you used:
 13524 strings out of 474222
 231019 string characters out of 5748734
 2046975 words of memory out of 5000000
 35316 multiletter control sequences out of 15000+600000
 602297 words of font info for 106 fonts, out of 8000000 for 9000
 1141 hyphenation exceptions out of 8191
 75i,12n,79p,1010b,1341s stack positions out of 10000i,1000n,20000p,200000b,200000s
</usr/share/texlive/texmf-dist/fonts/type1/public/amsfonts/cm/cmex10.pfb></usr/share/texlive/texmf-dist/fonts/type1/public/amsfonts/cm/cmmi10.pfb></usr/share/texlive/texmf-dist/fonts/type1/public/amsfonts/cm/cmmi7.pfb></usr/share/texlive/texmf-dist/fonts/type1/public/amsfonts/cm/cmr10.pfb></usr/share/texlive/texmf-dist/fonts/type1/public/amsfonts/cm/cmr7.pfb></usr/share/texlive/texmf-dist/fonts/type1/urw/times/utmb8a.pfb></usr/share/texlive/texmf-dist/fonts/type1/urw/times/utmbi8a.pfb></usr/share/texlive/texmf-dist/fonts/type1/urw/times/utmr8a.pfb></usr/share/texlive/texmf-dist/fonts/type1/urw/times/utmri8a.pfb>
Output written on main_sms.pdf (21 pages, 490195 bytes).
PDF statistics:
 782 PDF objects out of 1000 (max. 8388607)
 725 compressed objects within 8 object streams
 263 named destinations out of 1000 (max. 500000)
 210 words of extra memory for PDF output out of 10000 (max. 10000000)

